{"level":"info","message":"gg548118: D:\\JSProjects\\React\\simple-online-store\\api\\images\\download.jpg","service":"user-service"}

{"level":"info","message":{"email":{"requestId":"HWU9HXFpoo1zZabY6-HF8","signal":{}}},"service":"user-service"}
{"level":"info","message":{"email":{"requestId":"rDoWAaTNqWdzBEeJaqjzL","signal":{}}},"service":"user-service"}
{"level":"info","message":{"email":{"requestId":"FYpuxLsnxwMdj2TK8z-qx","signal":{}}},"service":"user-service"}
{"level":"info","message":{"email":{"requestId":"fUyejHPKEq3Jp8I2EGgOK","signal":{}}},"service":"user-service"}
{"level":"info","message":{"email":{"requestId":"PjQUmY2PKhjOgPO-geMD5","signal":{}}},"service":"user-service"}
{"level":"info","message":{"email":{"requestId":"DQCrdMCG6-3XRQPf0woiU","signal":{}}},"service":"user-service"}
{"level":"info","message":{"email":{"requestId":"2IR3hU_BPyLpP81H1s211","signal":{}}},"service":"user-service"}
{"level":"info","message":{"email":{"requestId":"oa6k7aSlf9m6JEnfs8XUb","signal":{}}},"service":"user-service"}
{"level":"info","message":{"email":{"requestId":"PthSa_iMrHtakTbLE363a","signal":{}}},"service":"user-service"}
{"level":"info","message":{"email":{"requestId":"x6Ww-eBBSnOvQRq2E1sfU","signal":{}}},"service":"user-service"}
{"level":"info","message":{"email":{"requestId":"j9FRuAGK2clWDAp8t5v7M","signal":{}}},"service":"user-service"}
{"level":"info","message":{"email":{"requestId":"xknJBmkwBUH6cUmMMZDtj","signal":{}},"id":"16"},"service":"user-service"}
{"level":"info","message":{"email":{"requestId":"znMpAfx8wDr8NT1GAbghz","signal":{}},"id":"16"},"service":"user-service"}
{"level":"info","message":{"email":{"requestId":"MphtANGX47FEoWjBE4osj","signal":{}},"id":"16"},"service":"user-service"}
{"level":"info","message":{"email":{"requestId":"JVDu-1Zk-JSefH_7eDz83","signal":{}},"id":"16"},"service":"user-service"}
{"level":"info","message":{"email":{"requestId":"eNj7lnxclfMV_yi3oXZBh","signal":{}},"id":"16"},"service":"user-service"}
{"level":"info","message":{"email":{"requestId":"jmOqD8BH9_WKy_gNmH99E","signal":{}},"id":"16"},"service":"user-service"}
{"level":"info","message":{"email":{"requestId":"TZnFu64nIiCdoY__gfXlU","signal":{}},"id":"16"},"service":"user-service"}
{"level":"info","message":{"email":{"requestId":"4Habf0quolfq4HGyqEJds","signal":{}},"id":"16"},"service":"user-service"}
{"level":"info","message":{"email":{"requestId":"dwrUbcmPZ8NLcpnHS7FFn","signal":{}},"id":"16"},"service":"user-service"}
{"level":"info","message":{"email":{"requestId":"AMxoTTXBI9wMql65EKLR2","signal":{}},"id":"16"},"service":"user-service"}
{"level":"info","message":{},"service":"user-service"}
{"level":"info","message":{},"service":"user-service"}
{"level":"info","message":{},"service":"user-service"}
{"level":"info","message":{"email":"gg548118@gmail.com","id":"16","review":4},"service":"user-service"}
{"level":"info","message":{"email":"gg548118@gmail.com","id":"7","review":2},"service":"user-service"}
{"level":"info","message":{"email":"gg548118@gmail.com","id":"7","review":3},"service":"user-service"}
{"level":"info","message":{"email":"gg548118@gmail.com","id":"7","review":4},"service":"user-service"}
{"level":"info","message":{"email":"gg548118@gmail.com","id":"7","review":5},"service":"user-service"}
{"level":"info","message":{"email":"gg548118@gmail.com","id":"17","review":4},"service":"user-service"}
{"level":"info","message":{"email":"gg548118@gmail.com","id":"17","review":2},"service":"user-service"}
{"level":"info","message":{"email":"gg548118@gmail.com","id":"17","review":5},"service":"user-service"}
{"level":"info","message":{"email":"gg548118@gmail.com","id":"17","review":2},"service":"user-service"}
{"level":"info","message":{"email":"gg548118@gmail.com","id":"17","review":3},"service":"user-service"}
{"level":"info","message":{"email":"gg548118@gmail.com","id":"17","review":4},"service":"user-service"}
{"level":"info","message":{"email":"gg548118@gmail.com","id":"17","review":5},"service":"user-service"}
{"level":"info","message":{"email":"gg548118@gmail.com","id":"17","review":2},"service":"user-service"}
{"level":"info","message":{"email":"gg548118@gmail.com","id":"16"},"service":"user-service"}
{"level":"info","message":{"email":"gg548118@gmail.com","id":"16"},"service":"user-service"}
{"level":"info","message":{"email":"gg548118@gmail.com","id":"16","review":0},"service":"user-service"}
{"level":"info","message":{"email":"gg548118@gmail.com","id":"16","review":0},"service":"user-service"}
{"level":"info","message":{"email":"gg548118@gmail.com","id":"16"},"service":"user-service"}
{"level":"info","message":{"email":"gg548118@gmail.com","id":"16","review":{}},"service":"user-service"}
{"level":"info","message":{"email":"gg548118@gmail.com","id":"16","review":{}},"service":"user-service"}
{"level":"info","message":{"email":"gg548118@gmail.com","id":"16","review":0},"service":"user-service"}
{"level":"info","message":{"email":"gg548118@gmail.com","id":"16","review":0},"service":"user-service"}
{"level":"info","message":{"email":"gg548118@gmail.com","id":"16","review":0},"service":"user-service"}
{"level":"info","message":{"email":"gg548118@gmail.com","id":"16","review":0},"service":"user-service"}
{"level":"info","message":{"email":"gg548118@gmail.com","id":"16"},"service":"user-service"}
{"level":"info","message":{"id":"8","review":4},"service":"user-service"}
{"level":"info","message":{"id":"8","review":null},"service":"user-service"}
{"level":"info","message":{},"service":"user-service"}
{"level":"info","message":{"id":"8","review":4},"service":"user-service"}
{"level":"info","message":{"id":"8","review":4},"service":"user-service"}
{"level":"info","message":{"id":"8","review":4},"service":"user-service"}
{"level":"info","message":{"id":"8","review":4},"service":"user-service"}
{"level":"info","message":{"id":"17","review":5},"service":"user-service"}
{"level":"info","message":{"id":"16","review":5},"service":"user-service"}
{"level":"info","message":{"id":"15","review":5},"service":"user-service"}
{"level":"info","message":{"id":"14","review":5},"service":"user-service"}
{"level":"info","message":{"id":"13","review":5},"service":"user-service"}
{"level":"info","message":{"id":"12","review":5},"service":"user-service"}
{"level":"info","message":{"id":"11","review":5},"service":"user-service"}
{"level":"info","message":{"id":"10","review":5},"service":"user-service"}
{"level":"info","message":{"id":"9","review":5},"service":"user-service"}
{"level":"info","message":{"id":"8","review":5},"service":"user-service"}
{"level":"info","message":{"id":"7","review":5},"service":"user-service"}
{"level":"info","message":{"id":"6","review":5},"service":"user-service"}
{"level":"info","message":{"id":"5","review":5},"service":"user-service"}
{"level":"info","message":{"id":"4","review":5},"service":"user-service"}
{"level":"info","message":{"id":"3","review":5},"service":"user-service"}
{"level":"info","message":{"id":"1","review":5},"service":"user-service"}
{"level":"info","message":{"id":"17","review":5},"service":"user-service"}
{"level":"info","message":{"id":"16","review":5},"service":"user-service"}
{"level":"info","message":{"id":"15","review":5},"service":"user-service"}
{"level":"info","message":{"id":"14","review":5},"service":"user-service"}
{"level":"info","message":{"id":"13","review":5},"service":"user-service"}
{"level":"info","message":{"id":"12","review":5},"service":"user-service"}
{"level":"info","message":{"id":"11","review":5},"service":"user-service"}
{"level":"info","message":{"id":"10","review":5},"service":"user-service"}
{"level":"info","message":{"id":"9","review":5},"service":"user-service"}
{"level":"info","message":{"id":"8","review":5},"service":"user-service"}
{"level":"info","message":{"id":"7","review":5},"service":"user-service"}
{"level":"info","message":{"id":"6","review":5},"service":"user-service"}
{"level":"info","message":{"id":"5","review":5},"service":"user-service"}
{"level":"info","message":{"id":"4","review":5},"service":"user-service"}
{"level":"info","message":{"id":"3","review":5},"service":"user-service"}
{"level":"info","message":{"id":"1","review":5},"service":"user-service"}
{"level":"info","message":{"id":"17","review":5},"service":"user-service"}
{"level":"info","message":{"id":"16","review":5},"service":"user-service"}
{"level":"info","message":{"id":"15","review":5},"service":"user-service"}
{"level":"info","message":{"id":"14","review":5},"service":"user-service"}
{"level":"info","message":{"id":"13","review":5},"service":"user-service"}
{"level":"info","message":{"id":"12","review":5},"service":"user-service"}
{"level":"info","message":{"id":"11","review":5},"service":"user-service"}
{"level":"info","message":{"id":"10","review":5},"service":"user-service"}
{"level":"info","message":{"id":"9","review":5},"service":"user-service"}
{"level":"info","message":{"id":"8","review":5},"service":"user-service"}
{"level":"info","message":{"id":"6","review":5},"service":"user-service"}
{"level":"info","message":{"id":"7","review":5},"service":"user-service"}
{"level":"info","message":{"id":"5","review":5},"service":"user-service"}
{"level":"info","message":{"id":"4","review":5},"service":"user-service"}
{"level":"info","message":{"id":"3","review":5},"service":"user-service"}
{"level":"info","message":{"id":"1","review":5},"service":"user-service"}
{"level":"info","message":{"id":"17","review":5},"service":"user-service"}
{"level":"info","message":{"id":"16","review":5},"service":"user-service"}
{"level":"info","message":{"id":"15","review":5},"service":"user-service"}
{"level":"info","message":{"id":"14","review":5},"service":"user-service"}
{"level":"info","message":{"id":"13","review":5},"service":"user-service"}
{"level":"info","message":{"id":"12","review":5},"service":"user-service"}
{"level":"info","message":{"id":"11","review":5},"service":"user-service"}
{"level":"info","message":{"id":"10","review":5},"service":"user-service"}
{"level":"info","message":{"id":"9","review":5},"service":"user-service"}
{"level":"info","message":{"id":"8","review":5},"service":"user-service"}
{"level":"info","message":{"id":"7","review":5},"service":"user-service"}
{"level":"info","message":{"id":"6","review":5},"service":"user-service"}
{"level":"info","message":{"id":"5","review":5},"service":"user-service"}
{"level":"info","message":{"id":"4","review":5},"service":"user-service"}
{"level":"info","message":{"id":"3","review":5},"service":"user-service"}
{"level":"info","message":{"id":"1","review":5},"service":"user-service"}
{"level":"info","message":{"id":"17","review":5},"service":"user-service"}
{"level":"info","message":{"id":"16","review":5},"service":"user-service"}
{"level":"info","message":{"id":"15","review":5},"service":"user-service"}
{"level":"info","message":{"id":"14","review":5},"service":"user-service"}
{"level":"info","message":{"id":"13","review":5},"service":"user-service"}
{"level":"info","message":{"id":"12","review":5},"service":"user-service"}
{"level":"info","message":{"id":"11","review":5},"service":"user-service"}
{"level":"info","message":{"id":"10","review":5},"service":"user-service"}
{"level":"info","message":{"id":"9","review":5},"service":"user-service"}
{"level":"info","message":{"id":"8","review":5},"service":"user-service"}
{"level":"info","message":{"id":"7","review":5},"service":"user-service"}
{"level":"info","message":{"id":"6","review":5},"service":"user-service"}
{"level":"info","message":{"id":"5","review":5},"service":"user-service"}
{"level":"info","message":{"id":"4","review":5},"service":"user-service"}
{"level":"info","message":{"id":"3","review":5},"service":"user-service"}
{"level":"info","message":{"id":"1","review":5},"service":"user-service"}
{"level":"info","message":{"id":"17","review":5},"service":"user-service"}
{"level":"info","message":{"id":"16","review":5},"service":"user-service"}
{"level":"info","message":{"id":"15","review":5},"service":"user-service"}
{"level":"info","message":{"id":"14","review":5},"service":"user-service"}
{"level":"info","message":{"id":"13","review":5},"service":"user-service"}
{"level":"info","message":{"id":"12","review":5},"service":"user-service"}
{"level":"info","message":{"id":"11","review":5},"service":"user-service"}
{"level":"info","message":{"id":"8","review":5},"service":"user-service"}
{"level":"info","message":{"id":"10","review":5},"service":"user-service"}
{"level":"info","message":{"id":"9","review":5},"service":"user-service"}
{"level":"info","message":{"id":"7","review":5},"service":"user-service"}
{"level":"info","message":{"id":"6","review":5},"service":"user-service"}
{"level":"info","message":{"id":"5","review":5},"service":"user-service"}
{"level":"info","message":{"id":"4","review":5},"service":"user-service"}
{"level":"info","message":{"id":"3","review":5},"service":"user-service"}
{"level":"info","message":{"id":"1","review":5},"service":"user-service"}
{"level":"info","message":{"id":"17","review":5},"service":"user-service"}
{"level":"info","message":{"id":"16","review":5},"service":"user-service"}
{"level":"info","message":{"id":"15","review":5},"service":"user-service"}
{"level":"info","message":{"id":"14","review":5},"service":"user-service"}
{"level":"info","message":{"id":"13","review":5},"service":"user-service"}
{"level":"info","message":{"id":"12","review":5},"service":"user-service"}
{"level":"info","message":{"id":"11","review":5},"service":"user-service"}
{"level":"info","message":{"id":"10","review":5},"service":"user-service"}
{"level":"info","message":{"id":"9","review":5},"service":"user-service"}
{"level":"info","message":{"id":"8","review":5},"service":"user-service"}
{"level":"info","message":{"id":"7","review":5},"service":"user-service"}
{"level":"info","message":{"id":"6","review":5},"service":"user-service"}
{"level":"info","message":{"id":"14","review":5},"service":"user-service"}
{"level":"info","message":{"id":"13","review":5},"service":"user-service"}
{"level":"info","message":{"id":"12","review":5},"service":"user-service"}
{"level":"info","message":{"id":"11","review":5},"service":"user-service"}
{"level":"info","message":{"id":"9","review":5},"service":"user-service"}
{"level":"info","message":{"id":"10","review":5},"service":"user-service"}
{"level":"info","message":{"id":"8","review":5},"service":"user-service"}
{"level":"info","message":{"id":"7","review":5},"service":"user-service"}
{"level":"info","message":{"id":"6","review":5},"service":"user-service"}
{"level":"info","message":{"id":"5","review":5},"service":"user-service"}
{"level":"info","message":{"id":"4","review":5},"service":"user-service"}
{"level":"info","message":{"id":"3","review":5},"service":"user-service"}
{"level":"info","message":{"id":"1","review":5},"service":"user-service"}
{"level":"info","message":{"id":"17","review":5},"service":"user-service"}
{"level":"info","message":{"id":"8","review":null},"service":"user-service"}
{"level":"info","message":{"id":"8","review":4},"service":"user-service"}
{"level":"info","message":{"id":"8","review":4},"service":"user-service"}
{"level":"info","message":{"id":"8","review":4},"service":"user-service"}
{"level":"info","message":{"id":"17","review":5},"service":"user-service"}
{"level":"info","message":{"id":"16","review":5},"service":"user-service"}
{"level":"info","message":{"id":"15","review":5},"service":"user-service"}
{"level":"info","message":{"id":"14","review":5},"service":"user-service"}
{"level":"info","message":{"id":"13","review":5},"service":"user-service"}
{"level":"info","message":{"id":"12","review":5},"service":"user-service"}
{"level":"info","message":{"id":"11","review":5},"service":"user-service"}
{"level":"info","message":{"id":"10","review":5},"service":"user-service"}
{"level":"info","message":{"id":"9","review":5},"service":"user-service"}
{"level":"info","message":{"id":"8","review":5},"service":"user-service"}
{"level":"info","message":{"id":"7","review":5},"service":"user-service"}
{"level":"info","message":{"id":"6","review":5},"service":"user-service"}
{"level":"info","message":{"id":"5","review":5},"service":"user-service"}
{"level":"info","message":{"id":"4","review":5},"service":"user-service"}
{"level":"info","message":{"id":"3","review":5},"service":"user-service"}
{"level":"info","message":{"id":"1","review":5},"service":"user-service"}
{"level":"info","message":{"id":"17","review":5},"service":"user-service"}
{"level":"info","message":{"id":"16","review":5},"service":"user-service"}
{"level":"info","message":{"id":"15","review":5},"service":"user-service"}
{"level":"info","message":{"id":"14","review":5},"service":"user-service"}
{"level":"info","message":{"id":"13","review":5},"service":"user-service"}
{"level":"info","message":{"id":"12","review":5},"service":"user-service"}
{"level":"info","message":{"id":"11","review":5},"service":"user-service"}
{"level":"info","message":{"id":"10","review":5},"service":"user-service"}
{"level":"info","message":{"id":"9","review":5},"service":"user-service"}
{"level":"info","message":{"id":"8","review":5},"service":"user-service"}
{"level":"info","message":{"id":"7","review":5},"service":"user-service"}
{"level":"info","message":{"id":"6","review":5},"service":"user-service"}
{"level":"info","message":{"id":"5","review":5},"service":"user-service"}
{"level":"info","message":{"id":"4","review":5},"service":"user-service"}
{"level":"info","message":{"id":"3","review":5},"service":"user-service"}
{"level":"info","message":{"id":"1","review":5},"service":"user-service"}
{"level":"info","message":{"id":"8","review":null},"service":"user-service"}
{"level":"info","message":{"id":"8","review":null},"service":"user-service"}
{"level":"info","message":{"id":"8","review":null},"service":"user-service"}
{"level":"info","message":{"id":"8","review":null},"service":"user-service"}
{"level":"info","message":{"id":"8","review":null},"service":"user-service"}
{"level":"info","message":{"id":"8","review":null},"service":"user-service"}
{"level":"info","message":{"id":"8","review":4},"service":"user-service"}
{"level":"info","message":{"review":2},"service":"user-service"}
{"level":"info","message":{"email":"gg548118@gmail.com","id":"8","review":2},"service":"user-service"}
{"level":"info","message":{"email":"gg548118@gmail.com","id":"8","review":4},"service":"user-service"}
{"level":"info","message":{"email":"gg548118@gmail.com","id":"8","review":2},"service":"user-service"}
{"level":"info","message":{"email":"gg548118@gmail.com","id":"8","review":4},"service":"user-service"}
{"level":"info","message":{"email":"gg548118@gmail.com","id":"8","review":1},"service":"user-service"}
{"level":"info","message":{"email":"gg548118@gmail.com","id":"8","review":4},"service":"user-service"}
{"level":"info","message":{"email":"gg548118@gmail.com","id":"8","review":3},"service":"user-service"}
{"level":"info","message":{"email":"gg548118@gmail.com","id":"8","review":4},"service":"user-service"}
{"level":"info","message":{"email":"gg548118@gmail.com","id":"8","review":1},"service":"user-service"}
{"level":"info","message":{"email":"gg548118@gmail.com","id":"8","review":5},"service":"user-service"}
{"level":"info","message":{"email":"gg548118@gmail.com","id":"8","review":3},"service":"user-service"}
{"level":"info","message":{"email":"gg548118@gmail.com","id":"8","review":5},"service":"user-service"}
{"level":"info","message":{"email":"gg548118@gmail.com","id":"8","review":1},"service":"user-service"}
{"level":"info","message":{"email":"gg548118@gmail.com","id":"8","review":3},"service":"user-service"}
{"level":"info","message":{"email":"gg548118@gmail.com","id":"8","review":5},"service":"user-service"}
{"level":"info","message":{"email":"gg548118@gmail.com","id":"8","review":4},"service":"user-service"}
{"level":"info","message":{"email":"gg548118@gmail.com","id":"8","review":1},"service":"user-service"}
{"level":"info","message":{"email":"gg548118@gmail.com","id":"8","review":5},"service":"user-service"}
{"level":"info","message":{"id":"8","review":5},"service":"user-service"}
{"level":"info","message":{"id":"8","review":5},"service":"user-service"}
{"level":"info","message":{"email":"gg548118@gmail.com","id":"8","review":5},"service":"user-service"}
